0 info it worked if it ends with ok
1 verbose cli [ 'node', '/usr/local/bin/npm', 'install', 'jade', '-g' ]
2 info using npm@1.4.28
3 info using node@v0.10.33
4 verbose cache add [ 'jade', null ]
5 verbose cache add name=undefined spec="jade" args=["jade",null]
6 verbose parsed url { protocol: null,
6 verbose parsed url   slashes: null,
6 verbose parsed url   auth: null,
6 verbose parsed url   host: null,
6 verbose parsed url   port: null,
6 verbose parsed url   hostname: null,
6 verbose parsed url   hash: null,
6 verbose parsed url   search: null,
6 verbose parsed url   query: null,
6 verbose parsed url   pathname: 'jade',
6 verbose parsed url   path: 'jade',
6 verbose parsed url   href: 'jade' }
7 silly lockFile 5bd60fae-jade jade
8 verbose lock jade /Users/tomasnagy/.npm/5bd60fae-jade.lock
9 silly lockFile 5bd60fae-jade jade
10 silly lockFile 5bd60fae-jade jade
11 verbose addNamed [ 'jade', '' ]
12 verbose addNamed [ null, '*' ]
13 silly lockFile 51d481b2-jade jade@
14 verbose lock jade@ /Users/tomasnagy/.npm/51d481b2-jade.lock
15 silly addNameRange { name: 'jade', range: '*', hasData: false }
16 verbose registry.get https://registry.npmjs.org/jade not expired, no request
17 silly addNameRange number 2 { name: 'jade', range: '*', hasData: true }
18 silly addNameRange versions [ 'jade',
18 silly addNameRange   [ '0.0.1',
18 silly addNameRange     '0.0.2',
18 silly addNameRange     '0.1.0',
18 silly addNameRange     '0.2.0',
18 silly addNameRange     '0.2.1',
18 silly addNameRange     '0.2.2',
18 silly addNameRange     '0.2.3',
18 silly addNameRange     '0.2.4',
18 silly addNameRange     '0.3.0',
18 silly addNameRange     '0.4.0',
18 silly addNameRange     '0.4.1',
18 silly addNameRange     '0.5.0',
18 silly addNameRange     '0.5.1',
18 silly addNameRange     '0.5.2',
18 silly addNameRange     '0.5.3',
18 silly addNameRange     '0.5.4',
18 silly addNameRange     '0.5.5',
18 silly addNameRange     '0.5.6',
18 silly addNameRange     '0.5.7',
18 silly addNameRange     '0.6.0',
18 silly addNameRange     '0.6.1',
18 silly addNameRange     '0.6.3',
18 silly addNameRange     '0.7.0',
18 silly addNameRange     '0.7.1',
18 silly addNameRange     '0.8.0',
18 silly addNameRange     '0.8.1',
18 silly addNameRange     '0.8.2',
18 silly addNameRange     '0.8.3',
18 silly addNameRange     '0.8.4',
18 silly addNameRange     '0.8.5',
18 silly addNameRange     '0.8.6',
18 silly addNameRange     '0.8.7',
18 silly addNameRange     '0.8.8',
18 silly addNameRange     '0.8.9',
18 silly addNameRange     '0.9.0',
18 silly addNameRange     '0.9.1',
18 silly addNameRange     '0.9.2',
18 silly addNameRange     '0.9.3',
18 silly addNameRange     '0.10.0',
18 silly addNameRange     '0.10.1',
18 silly addNameRange     '0.10.2',
18 silly addNameRange     '0.10.3',
18 silly addNameRange     '0.10.4',
18 silly addNameRange     '0.10.5',
18 silly addNameRange     '0.10.6',
18 silly addNameRange     '0.10.7',
18 silly addNameRange     '0.11.0',
18 silly addNameRange     '0.11.1',
18 silly addNameRange     '0.12.0',
18 silly addNameRange     '0.12.1',
18 silly addNameRange     '0.12.2',
18 silly addNameRange     '0.12.3',
18 silly addNameRange     '0.12.4',
18 silly addNameRange     '0.13.0',
18 silly addNameRange     '0.14.0',
18 silly addNameRange     '0.14.1',
18 silly addNameRange     '0.14.2',
18 silly addNameRange     '0.15.0',
18 silly addNameRange     '0.15.1',
18 silly addNameRange     '0.15.2',
18 silly addNameRange     '0.15.3',
18 silly addNameRange     '0.15.4',
18 silly addNameRange     '0.16.0',
18 silly addNameRange     '0.16.1',
18 silly addNameRange     '0.16.2',
18 silly addNameRange     '0.16.3',
18 silly addNameRange     '0.16.4',
18 silly addNameRange     '0.17.0',
18 silly addNameRange     '0.18.0',
18 silly addNameRange     '0.19.0',
18 silly addNameRange     '0.20.0',
18 silly addNameRange     '0.20.1',
18 silly addNameRange     '0.20.2',
18 silly addNameRange     '0.20.3',
18 silly addNameRange     '0.21.0',
18 silly addNameRange     '0.22.0',
18 silly addNameRange     '0.22.1',
18 silly addNameRange     '0.23.0',
18 silly addNameRange     '0.24.0',
18 silly addNameRange     '0.25.0',
18 silly addNameRange     '0.26.0',
18 silly addNameRange     '0.26.1',
18 silly addNameRange     '0.26.2',
18 silly addNameRange     '0.26.3',
18 silly addNameRange     '0.27.0',
18 silly addNameRange     '0.27.1',
18 silly addNameRange     '0.27.2',
18 silly addNameRange     '0.27.3',
18 silly addNameRange     '0.27.4',
18 silly addNameRange     '0.27.5',
18 silly addNameRange     '0.27.6',
18 silly addNameRange     '0.27.7',
18 silly addNameRange     '0.28.0',
18 silly addNameRange     '0.28.1',
18 silly addNameRange     '0.28.2',
18 silly addNameRange     '0.29.0',
18 silly addNameRange     '0.30.0',
18 silly addNameRange     '0.31.0',
18 silly addNameRange     '0.31.1',
18 silly addNameRange     '0.31.2',
18 silly addNameRange     '0.32.0',
18 silly addNameRange     '0.33.0',
18 silly addNameRange     '0.34.0',
18 silly addNameRange     '0.34.1',
18 silly addNameRange     '0.35.0',
18 silly addNameRange     '1.0.0',
18 silly addNameRange     '1.0.1',
18 silly addNameRange     '1.0.2',
18 silly addNameRange     '1.1.0',
18 silly addNameRange     '1.1.1',
18 silly addNameRange     '1.1.2',
18 silly addNameRange     '1.1.3',
18 silly addNameRange     '1.1.4',
18 silly addNameRange     '1.1.5',
18 silly addNameRange     '1.2.0',
18 silly addNameRange     '1.3.0',
18 silly addNameRange     '1.3.1',
18 silly addNameRange     '1.4.0',
18 silly addNameRange     '1.4.1',
18 silly addNameRange     '1.4.2',
18 silly addNameRange     '1.5.0',
18 silly addNameRange     '1.6.0',
18 silly addNameRange     '1.7.0' ] ]
19 verbose addNamed [ 'jade', '1.7.0' ]
20 verbose addNamed [ '1.7.0', '1.7.0' ]
21 silly lockFile 154ac756-jade-1-7-0 jade@1.7.0
22 verbose lock jade@1.7.0 /Users/tomasnagy/.npm/154ac756-jade-1-7-0.lock
23 silly lockFile 154ac756-jade-1-7-0 jade@1.7.0
24 silly lockFile 154ac756-jade-1-7-0 jade@1.7.0
25 silly lockFile 51d481b2-jade jade@
26 silly lockFile 51d481b2-jade jade@
27 silly resolved [ { name: 'jade',
27 silly resolved     description: 'Jade template engine',
27 silly resolved     version: '1.7.0',
27 silly resolved     author: { name: 'TJ Holowaychuk', email: 'tj@vision-media.ca' },
27 silly resolved     maintainers: [ [Object], [Object], [Object] ],
27 silly resolved     license: 'MIT',
27 silly resolved     repository: { type: 'git', url: 'git://github.com/visionmedia/jade' },
27 silly resolved     main: './index.js',
27 silly resolved     bin: { jade: './bin/jade.js' },
27 silly resolved     dependencies:
27 silly resolved      { 'character-parser': '1.2.0',
27 silly resolved        commander: '2.1.0',
27 silly resolved        constantinople: '~2.0.0',
27 silly resolved        mkdirp: '~0.5.0',
27 silly resolved        monocle: '1.1.51',
27 silly resolved        transformers: '2.1.0',
27 silly resolved        'void-elements': '~1.0.0',
27 silly resolved        with: '~3.0.0' },
27 silly resolved     devDependencies:
27 silly resolved      { 'coffee-script': '*',
27 silly resolved        mocha: '*',
27 silly resolved        istanbul: '*',
27 silly resolved        markdown: '*',
27 silly resolved        stylus: '*',
27 silly resolved        should: '*',
27 silly resolved        less: '*',
27 silly resolved        'uglify-js': '*',
27 silly resolved        browserify: '*',
27 silly resolved        linify: '*',
27 silly resolved        'less-file': '0.0.8',
27 silly resolved        express: '~3.4.8',
27 silly resolved        'browserify-middleware': '~2.4.0',
27 silly resolved        twbs: '0.0.6',
27 silly resolved        'highlight-codemirror': '~3.20.0',
27 silly resolved        inconsolata: '0.0.2',
27 silly resolved        'jade-code-mirror': '~1.0.5',
27 silly resolved        'code-mirror': '~3.22.0',
27 silly resolved        handle: '~1.0.0',
27 silly resolved        'jade-highlighter': '~1.0.5',
27 silly resolved        marked: '~0.3.2',
27 silly resolved        stop: '^3.0.0-rc1',
27 silly resolved        opener: '^1.3.0',
27 silly resolved        'github-basic': '^3.0.0',
27 silly resolved        'pull-request': '^3.0.0',
27 silly resolved        lsr: '^1.0.0',
27 silly resolved        rimraf: '^2.2.8' },
27 silly resolved     component: { scripts: [Object] },
27 silly resolved     scripts:
27 silly resolved      { test: 'mocha -R spec && npm run coverage',
27 silly resolved        coverage: 'istanbul cover node_modules/mocha/bin/_mocha',
27 silly resolved        prepublish: 'npm prune && linify transform bin && npm run build',
27 silly resolved        build: 'npm run compile',
27 silly resolved        compile: 'npm run compile-full && npm run compile-runtime',
27 silly resolved        'compile-full': 'browserify ./lib/jade.js --standalone jade -x ./node_modules/transformers > jade.js',
27 silly resolved        'compile-runtime': 'browserify ./lib/runtime.js --standalone jade > runtime.js' },
27 silly resolved     browser: { './lib/filters.js': './lib/filters-client.js' },
27 silly resolved     gitHead: '471042519f50a9c9edfab3a90d9dca2f1df28cfc',
27 silly resolved     bugs: { url: 'https://github.com/visionmedia/jade/issues' },
27 silly resolved     homepage: 'https://github.com/visionmedia/jade',
27 silly resolved     _id: 'jade@1.7.0',
27 silly resolved     _shasum: 'fa0251e9536cd363034ea88f61e99c7e98991524',
27 silly resolved     _from: 'jade@',
27 silly resolved     _npmVersion: '1.4.21',
27 silly resolved     _npmUser: { name: 'forbeslindesay', email: 'forbes@lindeay.co.uk' },
27 silly resolved     dist:
27 silly resolved      { shasum: 'fa0251e9536cd363034ea88f61e99c7e98991524',
27 silly resolved        tarball: 'http://registry.npmjs.org/jade/-/jade-1.7.0.tgz' },
27 silly resolved     directories: {},
27 silly resolved     _resolved: 'https://registry.npmjs.org/jade/-/jade-1.7.0.tgz',
27 silly resolved     readme: 'ERROR: No README data found!' } ]
28 info install jade@1.7.0 into /usr/local/lib
29 info installOne jade@1.7.0
30 verbose lib/node_modules/jade unbuild
31 verbose tar unpack /Users/tomasnagy/.npm/jade/1.7.0/package.tgz
32 silly lockFile 537c17f0--usr-local-lib-node-modules-jade tar:///usr/local/lib/node_modules/jade
33 verbose lock tar:///usr/local/lib/node_modules/jade /Users/tomasnagy/.npm/537c17f0--usr-local-lib-node-modules-jade.lock
34 silly lockFile d7357838-snagy-npm-jade-1-7-0-package-tgz tar:///Users/tomasnagy/.npm/jade/1.7.0/package.tgz
35 verbose lock tar:///Users/tomasnagy/.npm/jade/1.7.0/package.tgz /Users/tomasnagy/.npm/d7357838-snagy-npm-jade-1-7-0-package-tgz.lock
36 silly gunzTarPerm modes [ '755', '644' ]
37 error Error: EACCES, mkdir '/usr/local/lib/node_modules/jade'
37 error  { [Error: EACCES, mkdir '/usr/local/lib/node_modules/jade']
37 error   errno: 3,
37 error   code: 'EACCES',
37 error   path: '/usr/local/lib/node_modules/jade',
37 error   fstream_type: 'Directory',
37 error   fstream_path: '/usr/local/lib/node_modules/jade',
37 error   fstream_class: 'DirWriter',
37 error   fstream_stack:
37 error    [ '/usr/local/lib/node_modules/npm/node_modules/fstream/lib/dir-writer.js:36:23',
37 error      '/usr/local/lib/node_modules/npm/node_modules/mkdirp/index.js:46:53',
37 error      'Object.oncomplete (fs.js:107:15)' ] }
38 error Please try running this command again as root/Administrator.
39 error System Darwin 14.0.0
40 error command "node" "/usr/local/bin/npm" "install" "jade" "-g"
41 error cwd /Users/tomasnagy/OneDrive/Documents/School/3NMCT/Semester 1/Backend Development/Week7
42 error node -v v0.10.33
43 error npm -v 1.4.28
44 error path /usr/local/lib/node_modules/jade
45 error fstream_path /usr/local/lib/node_modules/jade
46 error fstream_type Directory
47 error fstream_class DirWriter
48 error code EACCES
49 error errno 3
50 error stack Error: EACCES, mkdir '/usr/local/lib/node_modules/jade'
51 error fstream_stack /usr/local/lib/node_modules/npm/node_modules/fstream/lib/dir-writer.js:36:23
51 error fstream_stack /usr/local/lib/node_modules/npm/node_modules/mkdirp/index.js:46:53
51 error fstream_stack Object.oncomplete (fs.js:107:15)
52 verbose exit [ 3, true ]
