0 info it worked if it ends with ok
1 verbose cli [ '/usr/local/bin/node', '/usr/local/bin/npm', 'install' ]
2 info using npm@1.4.28
3 info using node@v0.10.32
4 verbose readDependencies using package.json deps
5 verbose install where, deps [ '/Users/tomasnagy/OneDrive/Documents/School/3NMCT/Semester 1/Backend Development/Week6',
5 verbose install   [ 'express',
5 verbose install     'body-parser',
5 verbose install     'cookie-parser',
5 verbose install     'morgan',
5 verbose install     'serve-favicon',
5 verbose install     'debug',
5 verbose install     'jade' ] ]
6 info preinstall Week6@0.0.0
7 verbose readDependencies using package.json deps
8 verbose cache add [ 'express@~4.9.0', null ]
9 verbose cache add name=undefined spec="express@~4.9.0" args=["express@~4.9.0",null]
10 verbose parsed url { protocol: null,
10 verbose parsed url   slashes: null,
10 verbose parsed url   auth: null,
10 verbose parsed url   host: null,
10 verbose parsed url   port: null,
10 verbose parsed url   hostname: null,
10 verbose parsed url   hash: null,
10 verbose parsed url   search: null,
10 verbose parsed url   query: null,
10 verbose parsed url   pathname: 'express@~4.9.0',
10 verbose parsed url   path: 'express@~4.9.0',
10 verbose parsed url   href: 'express@~4.9.0' }
11 verbose cache add [ 'body-parser@~1.8.1', null ]
12 verbose cache add name=undefined spec="body-parser@~1.8.1" args=["body-parser@~1.8.1",null]
13 verbose parsed url { protocol: null,
13 verbose parsed url   slashes: null,
13 verbose parsed url   auth: null,
13 verbose parsed url   host: null,
13 verbose parsed url   port: null,
13 verbose parsed url   hostname: null,
13 verbose parsed url   hash: null,
13 verbose parsed url   search: null,
13 verbose parsed url   query: null,
13 verbose parsed url   pathname: 'body-parser@~1.8.1',
13 verbose parsed url   path: 'body-parser@~1.8.1',
13 verbose parsed url   href: 'body-parser@~1.8.1' }
14 verbose cache add [ 'cookie-parser@~1.3.3', null ]
15 verbose cache add name=undefined spec="cookie-parser@~1.3.3" args=["cookie-parser@~1.3.3",null]
16 verbose parsed url { protocol: null,
16 verbose parsed url   slashes: null,
16 verbose parsed url   auth: null,
16 verbose parsed url   host: null,
16 verbose parsed url   port: null,
16 verbose parsed url   hostname: null,
16 verbose parsed url   hash: null,
16 verbose parsed url   search: null,
16 verbose parsed url   query: null,
16 verbose parsed url   pathname: 'cookie-parser@~1.3.3',
16 verbose parsed url   path: 'cookie-parser@~1.3.3',
16 verbose parsed url   href: 'cookie-parser@~1.3.3' }
17 verbose cache add [ 'morgan@~1.3.0', null ]
18 verbose cache add name=undefined spec="morgan@~1.3.0" args=["morgan@~1.3.0",null]
19 verbose parsed url { protocol: null,
19 verbose parsed url   slashes: null,
19 verbose parsed url   auth: null,
19 verbose parsed url   host: null,
19 verbose parsed url   port: null,
19 verbose parsed url   hostname: null,
19 verbose parsed url   hash: null,
19 verbose parsed url   search: null,
19 verbose parsed url   query: null,
19 verbose parsed url   pathname: 'morgan@~1.3.0',
19 verbose parsed url   path: 'morgan@~1.3.0',
19 verbose parsed url   href: 'morgan@~1.3.0' }
20 verbose cache add name="express" spec="~4.9.0" args=["express","~4.9.0"]
21 verbose parsed url { protocol: null,
21 verbose parsed url   slashes: null,
21 verbose parsed url   auth: null,
21 verbose parsed url   host: null,
21 verbose parsed url   port: null,
21 verbose parsed url   hostname: null,
21 verbose parsed url   hash: null,
21 verbose parsed url   search: null,
21 verbose parsed url   query: null,
21 verbose parsed url   pathname: '~4.9.0',
21 verbose parsed url   path: '~4.9.0',
21 verbose parsed url   href: '~4.9.0' }
22 verbose addNamed [ 'express', '~4.9.0' ]
23 verbose addNamed [ null, '>=4.9.0-0 <4.10.0-0' ]
24 verbose cache add name="body-parser" spec="~1.8.1" args=["body-parser","~1.8.1"]
25 verbose parsed url { protocol: null,
25 verbose parsed url   slashes: null,
25 verbose parsed url   auth: null,
25 verbose parsed url   host: null,
25 verbose parsed url   port: null,
25 verbose parsed url   hostname: null,
25 verbose parsed url   hash: null,
25 verbose parsed url   search: null,
25 verbose parsed url   query: null,
25 verbose parsed url   pathname: '~1.8.1',
25 verbose parsed url   path: '~1.8.1',
25 verbose parsed url   href: '~1.8.1' }
26 verbose addNamed [ 'body-parser', '~1.8.1' ]
27 verbose addNamed [ null, '>=1.8.1-0 <1.9.0-0' ]
28 verbose cache add name="cookie-parser" spec="~1.3.3" args=["cookie-parser","~1.3.3"]
29 verbose parsed url { protocol: null,
29 verbose parsed url   slashes: null,
29 verbose parsed url   auth: null,
29 verbose parsed url   host: null,
29 verbose parsed url   port: null,
29 verbose parsed url   hostname: null,
29 verbose parsed url   hash: null,
29 verbose parsed url   search: null,
29 verbose parsed url   query: null,
29 verbose parsed url   pathname: '~1.3.3',
29 verbose parsed url   path: '~1.3.3',
29 verbose parsed url   href: '~1.3.3' }
30 verbose addNamed [ 'cookie-parser', '~1.3.3' ]
31 verbose addNamed [ null, '>=1.3.3-0 <1.4.0-0' ]
32 verbose cache add name="morgan" spec="~1.3.0" args=["morgan","~1.3.0"]
33 verbose parsed url { protocol: null,
33 verbose parsed url   slashes: null,
33 verbose parsed url   auth: null,
33 verbose parsed url   host: null,
33 verbose parsed url   port: null,
33 verbose parsed url   hostname: null,
33 verbose parsed url   hash: null,
33 verbose parsed url   search: null,
33 verbose parsed url   query: null,
33 verbose parsed url   pathname: '~1.3.0',
33 verbose parsed url   path: '~1.3.0',
33 verbose parsed url   href: '~1.3.0' }
34 verbose addNamed [ 'morgan', '~1.3.0' ]
35 verbose addNamed [ null, '>=1.3.0-0 <1.4.0-0' ]
36 verbose cache add [ 'serve-favicon@~2.1.3', null ]
37 verbose cache add name=undefined spec="serve-favicon@~2.1.3" args=["serve-favicon@~2.1.3",null]
38 verbose parsed url { protocol: null,
38 verbose parsed url   slashes: null,
38 verbose parsed url   auth: null,
38 verbose parsed url   host: null,
38 verbose parsed url   port: null,
38 verbose parsed url   hostname: null,
38 verbose parsed url   hash: null,
38 verbose parsed url   search: null,
38 verbose parsed url   query: null,
38 verbose parsed url   pathname: 'serve-favicon@~2.1.3',
38 verbose parsed url   path: 'serve-favicon@~2.1.3',
38 verbose parsed url   href: 'serve-favicon@~2.1.3' }
39 verbose cache add [ 'debug@~2.0.0', null ]
40 verbose cache add name=undefined spec="debug@~2.0.0" args=["debug@~2.0.0",null]
41 verbose parsed url { protocol: null,
41 verbose parsed url   slashes: null,
41 verbose parsed url   auth: null,
41 verbose parsed url   host: null,
41 verbose parsed url   port: null,
41 verbose parsed url   hostname: null,
41 verbose parsed url   hash: null,
41 verbose parsed url   search: null,
41 verbose parsed url   query: null,
41 verbose parsed url   pathname: 'debug@~2.0.0',
41 verbose parsed url   path: 'debug@~2.0.0',
41 verbose parsed url   href: 'debug@~2.0.0' }
42 verbose cache add [ 'jade@~1.6.0', null ]
43 verbose cache add name=undefined spec="jade@~1.6.0" args=["jade@~1.6.0",null]
44 verbose parsed url { protocol: null,
44 verbose parsed url   slashes: null,
44 verbose parsed url   auth: null,
44 verbose parsed url   host: null,
44 verbose parsed url   port: null,
44 verbose parsed url   hostname: null,
44 verbose parsed url   hash: null,
44 verbose parsed url   search: null,
44 verbose parsed url   query: null,
44 verbose parsed url   pathname: 'jade@~1.6.0',
44 verbose parsed url   path: 'jade@~1.6.0',
44 verbose parsed url   href: 'jade@~1.6.0' }
45 silly lockFile 6ae7fa08-express-4-9-0 express@~4.9.0
46 verbose lock express@~4.9.0 /Users/tomasnagy/.npm/6ae7fa08-express-4-9-0.lock
47 silly lockFile a49948c1-body-parser-1-8-1 body-parser@~1.8.1
48 verbose lock body-parser@~1.8.1 /Users/tomasnagy/.npm/a49948c1-body-parser-1-8-1.lock
49 silly lockFile bf5babd8-cookie-parser-1-3-3 cookie-parser@~1.3.3
50 verbose lock cookie-parser@~1.3.3 /Users/tomasnagy/.npm/bf5babd8-cookie-parser-1-3-3.lock
51 silly lockFile a4a9bdf4-morgan-1-3-0 morgan@~1.3.0
52 verbose lock morgan@~1.3.0 /Users/tomasnagy/.npm/a4a9bdf4-morgan-1-3-0.lock
53 verbose cache add name="serve-favicon" spec="~2.1.3" args=["serve-favicon","~2.1.3"]
54 verbose parsed url { protocol: null,
54 verbose parsed url   slashes: null,
54 verbose parsed url   auth: null,
54 verbose parsed url   host: null,
54 verbose parsed url   port: null,
54 verbose parsed url   hostname: null,
54 verbose parsed url   hash: null,
54 verbose parsed url   search: null,
54 verbose parsed url   query: null,
54 verbose parsed url   pathname: '~2.1.3',
54 verbose parsed url   path: '~2.1.3',
54 verbose parsed url   href: '~2.1.3' }
55 verbose addNamed [ 'serve-favicon', '~2.1.3' ]
56 verbose addNamed [ null, '>=2.1.3-0 <2.2.0-0' ]
57 silly lockFile 38295489-serve-favicon-2-1-3 serve-favicon@~2.1.3
58 verbose lock serve-favicon@~2.1.3 /Users/tomasnagy/.npm/38295489-serve-favicon-2-1-3.lock
59 verbose cache add name="debug" spec="~2.0.0" args=["debug","~2.0.0"]
60 verbose parsed url { protocol: null,
60 verbose parsed url   slashes: null,
60 verbose parsed url   auth: null,
60 verbose parsed url   host: null,
60 verbose parsed url   port: null,
60 verbose parsed url   hostname: null,
60 verbose parsed url   hash: null,
60 verbose parsed url   search: null,
60 verbose parsed url   query: null,
60 verbose parsed url   pathname: '~2.0.0',
60 verbose parsed url   path: '~2.0.0',
60 verbose parsed url   href: '~2.0.0' }
61 verbose addNamed [ 'debug', '~2.0.0' ]
62 verbose addNamed [ null, '>=2.0.0-0 <2.1.0-0' ]
63 silly lockFile 12b6356d-debug-2-0-0 debug@~2.0.0
64 verbose lock debug@~2.0.0 /Users/tomasnagy/.npm/12b6356d-debug-2-0-0.lock
65 verbose cache add name="jade" spec="~1.6.0" args=["jade","~1.6.0"]
66 verbose parsed url { protocol: null,
66 verbose parsed url   slashes: null,
66 verbose parsed url   auth: null,
66 verbose parsed url   host: null,
66 verbose parsed url   port: null,
66 verbose parsed url   hostname: null,
66 verbose parsed url   hash: null,
66 verbose parsed url   search: null,
66 verbose parsed url   query: null,
66 verbose parsed url   pathname: '~1.6.0',
66 verbose parsed url   path: '~1.6.0',
66 verbose parsed url   href: '~1.6.0' }
67 verbose addNamed [ 'jade', '~1.6.0' ]
68 verbose addNamed [ null, '>=1.6.0-0 <1.7.0-0' ]
69 silly lockFile ad8c17a8-jade-1-6-0 jade@~1.6.0
70 verbose lock jade@~1.6.0 /Users/tomasnagy/.npm/ad8c17a8-jade-1-6-0.lock
71 silly addNameRange { name: 'express', range: '>=4.9.0-0 <4.10.0-0', hasData: false }
72 silly addNameRange { name: 'body-parser',
72 silly addNameRange   range: '>=1.8.1-0 <1.9.0-0',
72 silly addNameRange   hasData: false }
73 silly addNameRange { name: 'cookie-parser',
73 silly addNameRange   range: '>=1.3.3-0 <1.4.0-0',
73 silly addNameRange   hasData: false }
74 silly addNameRange { name: 'morgan', range: '>=1.3.0-0 <1.4.0-0', hasData: false }
75 silly addNameRange { name: 'serve-favicon',
75 silly addNameRange   range: '>=2.1.3-0 <2.2.0-0',
75 silly addNameRange   hasData: false }
76 silly addNameRange { name: 'debug', range: '>=2.0.0-0 <2.1.0-0', hasData: false }
77 silly addNameRange { name: 'jade', range: '>=1.6.0-0 <1.7.0-0', hasData: false }
78 verbose request where is /body-parser
79 verbose request registry https://registry.npmjs.org/
80 verbose request id 9a074574434ec332
81 verbose url raw /body-parser
82 verbose url resolving [ 'https://registry.npmjs.org/', './body-parser' ]
83 verbose url resolved https://registry.npmjs.org/body-parser
84 verbose request where is https://registry.npmjs.org/body-parser
85 info trying registry request attempt 1 at 17:17:22
86 http GET https://registry.npmjs.org/body-parser
87 verbose request where is /cookie-parser
88 verbose request registry https://registry.npmjs.org/
89 verbose url raw /cookie-parser
90 verbose url resolving [ 'https://registry.npmjs.org/', './cookie-parser' ]
91 verbose url resolved https://registry.npmjs.org/cookie-parser
92 verbose request where is https://registry.npmjs.org/cookie-parser
93 info trying registry request attempt 1 at 17:17:22
94 http GET https://registry.npmjs.org/cookie-parser
95 verbose request where is /morgan
96 verbose request registry https://registry.npmjs.org/
97 verbose url raw /morgan
98 verbose url resolving [ 'https://registry.npmjs.org/', './morgan' ]
99 verbose url resolved https://registry.npmjs.org/morgan
100 verbose request where is https://registry.npmjs.org/morgan
101 info trying registry request attempt 1 at 17:17:22
102 http GET https://registry.npmjs.org/morgan
103 verbose request where is /serve-favicon
104 verbose request registry https://registry.npmjs.org/
105 verbose url raw /serve-favicon
106 verbose url resolving [ 'https://registry.npmjs.org/', './serve-favicon' ]
107 verbose url resolved https://registry.npmjs.org/serve-favicon
108 verbose request where is https://registry.npmjs.org/serve-favicon
109 info trying registry request attempt 1 at 17:17:22
110 http GET https://registry.npmjs.org/serve-favicon
111 verbose request where is /jade
112 verbose request registry https://registry.npmjs.org/
113 verbose url raw /jade
114 verbose url resolving [ 'https://registry.npmjs.org/', './jade' ]
115 verbose url resolved https://registry.npmjs.org/jade
116 verbose request where is https://registry.npmjs.org/jade
117 info trying registry request attempt 1 at 17:17:22
118 http GET https://registry.npmjs.org/jade
119 verbose request where is /express
120 verbose request registry https://registry.npmjs.org/
121 verbose url raw /express
122 verbose url resolving [ 'https://registry.npmjs.org/', './express' ]
123 verbose url resolved https://registry.npmjs.org/express
124 verbose request where is https://registry.npmjs.org/express
125 info trying registry request attempt 1 at 17:17:22
126 verbose etag "9VWKYZ1F4O5IC5ARH8TR2R278"
127 http GET https://registry.npmjs.org/express
128 verbose request where is /debug
129 verbose request registry https://registry.npmjs.org/
130 verbose url raw /debug
131 verbose url resolving [ 'https://registry.npmjs.org/', './debug' ]
132 verbose url resolved https://registry.npmjs.org/debug
133 verbose request where is https://registry.npmjs.org/debug
134 info trying registry request attempt 1 at 17:17:22
135 verbose etag "6XAF04JEIUAY679NV7GJMKWPQ"
136 http GET https://registry.npmjs.org/debug
137 http 200 https://registry.npmjs.org/serve-favicon
138 silly registry.get cb [ 200,
138 silly registry.get   { date: 'Thu, 06 Nov 2014 16:17:22 GMT',
138 silly registry.get     server: 'CouchDB/1.5.0 (Erlang OTP/R16B03)',
138 silly registry.get     etag: '"DQNCEOV1TU804V1DNRWACLPFP"',
138 silly registry.get     'content-type': 'application/json',
138 silly registry.get     'cache-control': 'max-age=60',
138 silly registry.get     'content-length': '16887',
138 silly registry.get     'accept-ranges': 'bytes',
138 silly registry.get     via: '1.1 varnish',
138 silly registry.get     age: '46',
138 silly registry.get     'x-served-by': 'cache-lcy1121-LCY',
138 silly registry.get     'x-cache': 'HIT',
138 silly registry.get     'x-cache-hits': '2',
138 silly registry.get     'x-timer': 'S1415290642.302492,VS0,VE0',
138 silly registry.get     vary: 'Accept',
138 silly registry.get     'keep-alive': 'timeout=10, max=50',
138 silly registry.get     connection: 'Keep-Alive' } ]
139 http 200 https://registry.npmjs.org/morgan
140 silly registry.get cb [ 200,
140 silly registry.get   { date: 'Thu, 06 Nov 2014 16:17:22 GMT',
140 silly registry.get     server: 'CouchDB/1.5.0 (Erlang OTP/R16B03)',
140 silly registry.get     etag: '"708ZQTN8ZP2GVR4WWCO6UK2FY"',
140 silly registry.get     'content-type': 'application/json',
140 silly registry.get     'cache-control': 'max-age=60',
140 silly registry.get     'content-length': '28573',
140 silly registry.get     'accept-ranges': 'bytes',
140 silly registry.get     via: '1.1 varnish',
140 silly registry.get     age: '60',
140 silly registry.get     'x-served-by': 'cache-lcy1128-LCY',
140 silly registry.get     'x-cache': 'HIT',
140 silly registry.get     'x-cache-hits': '1',
140 silly registry.get     'x-timer': 'S1415290642.307397,VS0,VE0',
140 silly registry.get     vary: 'Accept',
140 silly registry.get     'keep-alive': 'timeout=10, max=50',
140 silly registry.get     connection: 'Keep-Alive' } ]
141 silly addNameRange number 2 { name: 'morgan', range: '>=1.3.0-0 <1.4.0-0', hasData: true }
142 silly addNameRange versions [ 'morgan',
142 silly addNameRange   [ '1.0.0',
142 silly addNameRange     '1.0.1',
142 silly addNameRange     '1.1.0',
142 silly addNameRange     '1.1.1',
142 silly addNameRange     '1.2.0',
142 silly addNameRange     '1.2.1',
142 silly addNameRange     '1.2.2',
142 silly addNameRange     '1.2.3',
142 silly addNameRange     '1.3.0',
142 silly addNameRange     '1.3.1',
142 silly addNameRange     '1.3.2',
142 silly addNameRange     '1.4.0',
142 silly addNameRange     '1.4.1' ] ]
143 verbose addNamed [ 'morgan', '1.3.2' ]
144 verbose addNamed [ '1.3.2', '1.3.2' ]
145 silly lockFile 7e2b41c6-morgan-1-3-2 morgan@1.3.2
146 verbose lock morgan@1.3.2 /Users/tomasnagy/.npm/7e2b41c6-morgan-1-3-2.lock
147 silly addNameRange number 2 { name: 'serve-favicon',
147 silly addNameRange   range: '>=2.1.3-0 <2.2.0-0',
147 silly addNameRange   hasData: true }
148 silly addNameRange versions [ 'serve-favicon',
148 silly addNameRange   [ '2.0.0',
148 silly addNameRange     '2.0.1',
148 silly addNameRange     '2.1.0',
148 silly addNameRange     '2.1.1',
148 silly addNameRange     '2.1.2',
148 silly addNameRange     '2.1.3',
148 silly addNameRange     '2.1.4',
148 silly addNameRange     '2.1.5',
148 silly addNameRange     '2.1.6' ] ]
149 verbose addNamed [ 'serve-favicon', '2.1.6' ]
150 verbose addNamed [ '2.1.6', '2.1.6' ]
151 silly lockFile 4a3fd20c-serve-favicon-2-1-6 serve-favicon@2.1.6
152 verbose lock serve-favicon@2.1.6 /Users/tomasnagy/.npm/4a3fd20c-serve-favicon-2-1-6.lock
153 silly lockFile cac8e271-pmjs-org-morgan-morgan-1-3-2-tgz https://registry.npmjs.org/morgan/-/morgan-1.3.2.tgz
154 verbose lock https://registry.npmjs.org/morgan/-/morgan-1.3.2.tgz /Users/tomasnagy/.npm/cac8e271-pmjs-org-morgan-morgan-1-3-2-tgz.lock
155 silly lockFile 620925dd--favicon-serve-favicon-2-1-6-tgz https://registry.npmjs.org/serve-favicon/-/serve-favicon-2.1.6.tgz
156 verbose lock https://registry.npmjs.org/serve-favicon/-/serve-favicon-2.1.6.tgz /Users/tomasnagy/.npm/620925dd--favicon-serve-favicon-2-1-6-tgz.lock
157 verbose addRemoteTarball [ 'https://registry.npmjs.org/morgan/-/morgan-1.3.2.tgz',
157 verbose addRemoteTarball   'ac41aa15221ee4e5f2ac843896b6918139a18efd' ]
158 verbose addRemoteTarball [ 'https://registry.npmjs.org/serve-favicon/-/serve-favicon-2.1.6.tgz',
158 verbose addRemoteTarball   '46326a9eb64a0fa5cf012a4f85efe9fda95820e5' ]
159 http 200 https://registry.npmjs.org/body-parser
160 silly registry.get cb [ 200,
160 silly registry.get   { date: 'Thu, 06 Nov 2014 16:17:22 GMT',
160 silly registry.get     server: 'CouchDB/1.5.0 (Erlang OTP/R16B03)',
160 silly registry.get     etag: '"31NOWALYE5KS8CUXXM9FZZM0H"',
160 silly registry.get     'content-type': 'application/json',
160 silly registry.get     'cache-control': 'max-age=60',
160 silly registry.get     'content-length': '71579',
160 silly registry.get     'accept-ranges': 'bytes',
160 silly registry.get     via: '1.1 varnish',
160 silly registry.get     age: '16',
160 silly registry.get     'x-served-by': 'cache-lcy1123-LCY',
160 silly registry.get     'x-cache': 'HIT',
160 silly registry.get     'x-cache-hits': '2',
160 silly registry.get     'x-timer': 'S1415290642.297197,VS0,VE0',
160 silly registry.get     vary: 'Accept',
160 silly registry.get     'keep-alive': 'timeout=10, max=50',
160 silly registry.get     connection: 'Keep-Alive' } ]
161 info retry fetch attempt 1 at 17:17:22
162 verbose fetch to= /var/folders/4b/ltfsdv5907x9jvrlqlnhzc940000gn/T/npm-893-prXmzV2M/registry.npmjs.org/serve-favicon/-/serve-favicon-2.1.6.tgz
163 info retry fetch attempt 1 at 17:17:22
164 verbose fetch to= /var/folders/4b/ltfsdv5907x9jvrlqlnhzc940000gn/T/npm-893-prXmzV2M/registry.npmjs.org/morgan/-/morgan-1.3.2.tgz
165 http 304 https://registry.npmjs.org/debug
166 silly registry.get cb [ 304,
166 silly registry.get   { date: 'Thu, 06 Nov 2014 16:17:22 GMT',
166 silly registry.get     server: 'Apache',
166 silly registry.get     via: '1.1 varnish',
166 silly registry.get     'last-modified': 'Thu, 06 Nov 2014 16:16:54 GMT',
166 silly registry.get     'cache-control': 'max-age=60',
166 silly registry.get     etag: '"6XAF04JEIUAY679NV7GJMKWPQ"',
166 silly registry.get     age: '28',
166 silly registry.get     'x-served-by': 'cache-lcy1128-LCY',
166 silly registry.get     'x-cache': 'HIT',
166 silly registry.get     'x-cache-hits': '3',
166 silly registry.get     'x-timer': 'S1415290642.355381,VS0,VE0',
166 silly registry.get     vary: 'Accept',
166 silly registry.get     'content-length': '0',
166 silly registry.get     'keep-alive': 'timeout=10, max=49',
166 silly registry.get     connection: 'Keep-Alive' } ]
167 verbose etag https://registry.npmjs.org/debug from cache
168 http 304 https://registry.npmjs.org/express
169 silly registry.get cb [ 304,
169 silly registry.get   { date: 'Thu, 06 Nov 2014 16:17:22 GMT',
169 silly registry.get     server: 'Apache',
169 silly registry.get     via: '1.1 varnish',
169 silly registry.get     'last-modified': 'Thu, 06 Nov 2014 16:17:22 GMT',
169 silly registry.get     'cache-control': 'max-age=60',
169 silly registry.get     etag: '"9VWKYZ1F4O5IC5ARH8TR2R278"',
169 silly registry.get     age: '15',
169 silly registry.get     'x-served-by': 'cache-lcy1121-LCY',
169 silly registry.get     'x-cache': 'HIT',
169 silly registry.get     'x-cache-hits': '1',
169 silly registry.get     'x-timer': 'S1415290642.354067,VS0,VE1',
169 silly registry.get     vary: 'Accept',
169 silly registry.get     'content-length': '0',
169 silly registry.get     'keep-alive': 'timeout=10, max=49',
169 silly registry.get     connection: 'Keep-Alive' } ]
170 verbose etag https://registry.npmjs.org/express from cache
171 http GET https://registry.npmjs.org/serve-favicon/-/serve-favicon-2.1.6.tgz
172 http GET https://registry.npmjs.org/morgan/-/morgan-1.3.2.tgz
173 silly addNameRange number 2 { name: 'body-parser',
173 silly addNameRange   range: '>=1.8.1-0 <1.9.0-0',
173 silly addNameRange   hasData: true }
174 silly addNameRange versions [ 'body-parser',
174 silly addNameRange   [ '1.0.0',
174 silly addNameRange     '1.0.1',
174 silly addNameRange     '1.0.2',
174 silly addNameRange     '1.1.0',
174 silly addNameRange     '1.1.1',
174 silly addNameRange     '1.1.2',
174 silly addNameRange     '1.2.0',
174 silly addNameRange     '1.2.1',
174 silly addNameRange     '1.2.2',
174 silly addNameRange     '1.3.0',
174 silly addNameRange     '1.3.1',
174 silly addNameRange     '1.4.0',
174 silly addNameRange     '1.4.1',
174 silly addNameRange     '1.4.2',
174 silly addNameRange     '1.4.3',
174 silly addNameRange     '1.5.0',
174 silly addNameRange     '1.5.1',
174 silly addNameRange     '1.5.2',
174 silly addNameRange     '1.6.0',
174 silly addNameRange     '1.6.1',
174 silly addNameRange     '1.6.2',
174 silly addNameRange     '1.6.3',
174 silly addNameRange     '1.6.4',
174 silly addNameRange     '1.6.5',
174 silly addNameRange     '1.6.6',
174 silly addNameRange     '1.6.7',
174 silly addNameRange     '1.7.0',
174 silly addNameRange     '1.8.0',
174 silly addNameRange     '1.8.1',
174 silly addNameRange     '1.8.2',
174 silly addNameRange     '1.8.3',
174 silly addNameRange     '1.8.4',
174 silly addNameRange     '1.9.0',
174 silly addNameRange     '1.9.1',
174 silly addNameRange     '1.9.2' ] ]
175 verbose addNamed [ 'body-parser', '1.8.4' ]
176 verbose addNamed [ '1.8.4', '1.8.4' ]
177 silly lockFile 5cba912c-body-parser-1-8-4 body-parser@1.8.4
178 verbose lock body-parser@1.8.4 /Users/tomasnagy/.npm/5cba912c-body-parser-1-8-4.lock
179 silly addNameRange number 2 { name: 'debug', range: '>=2.0.0-0 <2.1.0-0', hasData: true }
180 silly addNameRange versions [ 'debug',
180 silly addNameRange   [ '0.0.1',
180 silly addNameRange     '0.1.0',
180 silly addNameRange     '0.2.0',
180 silly addNameRange     '0.3.0',
180 silly addNameRange     '0.4.0',
180 silly addNameRange     '0.4.1',
180 silly addNameRange     '0.5.0',
180 silly addNameRange     '0.6.0',
180 silly addNameRange     '0.7.0',
180 silly addNameRange     '0.7.1',
180 silly addNameRange     '0.7.2',
180 silly addNameRange     '0.7.3',
180 silly addNameRange     '0.7.4',
180 silly addNameRange     '0.8.0',
180 silly addNameRange     '0.8.1',
180 silly addNameRange     '1.0.0',
180 silly addNameRange     '1.0.1',
180 silly addNameRange     '1.0.2',
180 silly addNameRange     '1.0.3',
180 silly addNameRange     '1.0.4',
180 silly addNameRange     '2.0.0',
180 silly addNameRange     '2.1.0' ] ]
181 verbose addNamed [ 'debug', '2.0.0' ]
182 verbose addNamed [ '2.0.0', '2.0.0' ]
183 silly lockFile 095bd820-debug-2-0-0 debug@2.0.0
184 verbose lock debug@2.0.0 /Users/tomasnagy/.npm/095bd820-debug-2-0-0.lock
185 silly addNameRange number 2 { name: 'express', range: '>=4.9.0-0 <4.10.0-0', hasData: true }
186 silly addNameRange versions [ 'express',
186 silly addNameRange   [ '0.14.0',
186 silly addNameRange     '0.14.1',
186 silly addNameRange     '1.0.0',
186 silly addNameRange     '1.0.1',
186 silly addNameRange     '1.0.2',
186 silly addNameRange     '1.0.3',
186 silly addNameRange     '1.0.4',
186 silly addNameRange     '1.0.5',
186 silly addNameRange     '1.0.6',
186 silly addNameRange     '1.0.7',
186 silly addNameRange     '1.0.8',
186 silly addNameRange     '2.0.0',
186 silly addNameRange     '2.1.0',
186 silly addNameRange     '2.1.1',
186 silly addNameRange     '2.2.0',
186 silly addNameRange     '2.2.1',
186 silly addNameRange     '2.2.2',
186 silly addNameRange     '2.3.0',
186 silly addNameRange     '2.3.1',
186 silly addNameRange     '2.3.2',
186 silly addNameRange     '2.3.3',
186 silly addNameRange     '2.3.4',
186 silly addNameRange     '2.3.5',
186 silly addNameRange     '2.3.6',
186 silly addNameRange     '2.3.7',
186 silly addNameRange     '2.3.8',
186 silly addNameRange     '2.3.9',
186 silly addNameRange     '2.3.10',
186 silly addNameRange     '2.3.11',
186 silly addNameRange     '2.3.12',
186 silly addNameRange     '2.4.0',
186 silly addNameRange     '2.4.1',
186 silly addNameRange     '2.4.2',
186 silly addNameRange     '2.4.3',
186 silly addNameRange     '2.4.4',
186 silly addNameRange     '2.4.5',
186 silly addNameRange     '2.4.6',
186 silly addNameRange     '2.4.7',
186 silly addNameRange     '2.5.0',
186 silly addNameRange     '2.5.1',
186 silly addNameRange     '2.5.2',
186 silly addNameRange     '2.5.3',
186 silly addNameRange     '2.5.4',
186 silly addNameRange     '2.5.5',
186 silly addNameRange     '2.5.6',
186 silly addNameRange     '2.5.7',
186 silly addNameRange     '2.5.8',
186 silly addNameRange     '2.5.9',
186 silly addNameRange     '2.5.10',
186 silly addNameRange     '2.5.11',
186 silly addNameRange     '3.0.0',
186 silly addNameRange     '3.0.1',
186 silly addNameRange     '3.0.2',
186 silly addNameRange     '3.0.3',
186 silly addNameRange     '3.0.4',
186 silly addNameRange     '3.0.5',
186 silly addNameRange     '3.0.6',
186 silly addNameRange     '3.1.0',
186 silly addNameRange     '3.1.1',
186 silly addNameRange     '3.1.2',
186 silly addNameRange     '3.2.0',
186 silly addNameRange     '3.2.1',
186 silly addNameRange     '3.2.2',
186 silly addNameRange     '3.2.3',
186 silly addNameRange     '3.2.4',
186 silly addNameRange     '3.2.5',
186 silly addNameRange     '3.2.6',
186 silly addNameRange     '3.3.0',
186 silly addNameRange     '3.3.1',
186 silly addNameRange     '3.3.2',
186 silly addNameRange     '3.3.3',
186 silly addNameRange     '3.3.4',
186 silly addNameRange     '3.3.5',
186 silly addNameRange     '3.3.6',
186 silly addNameRange     '1.0.0-beta',
186 silly addNameRange     '1.0.0-beta2',
186 silly addNameRange     '1.0.0-rc',
186 silly addNameRange     '1.0.0-rc2',
186 silly addNameRange     '1.0.0-rc3',
186 silly addNameRange     '1.0.0-rc4',
186 silly addNameRange     '2.0.0-beta',
186 silly addNameRange     '2.0.0-beta2',
186 silly addNameRange     '2.0.0-beta3',
186 silly addNameRange     '2.0.0-rc',
186 silly addNameRange     '2.0.0-rc2',
186 silly addNameRange     '2.0.0-rc3',
186 silly addNameRange     '3.0.0-alpha1',
186 silly addNameRange     '3.0.0-alpha2',
186 silly addNameRange     '3.0.0-alpha3',
186 silly addNameRange     '3.0.0-alpha4',
186 silly addNameRange     '3.0.0-alpha5',
186 silly addNameRange     '3.0.0-beta1',
186 silly addNameRange     '3.0.0-beta2',
186 silly addNameRange     '3.0.0-beta3',
186 silly addNameRange     '3.0.0-beta4',
186 silly addNameRange     '3.0.0-beta6',
186 silly addNameRange     '3.0.0-beta7',
186 silly addNameRange     '3.0.0-rc1',
186 silly addNameRange     '3.0.0-rc2',
186 silly addNameRange     '3.0.0-rc3',
186 silly addNameRange     '3.0.0-rc4',
186 silly addNameRange     '3.0.0-rc5',
186 silly addNameRange     '3.3.7',
186 silly addNameRange     '3.3.8',
186 silly addNameRange     '3.4.0',
186 silly addNameRange     '3.4.1',
186 silly addNameRange     '3.4.2',
186 silly addNameRange     '3.4.3',
186 silly addNameRange     '3.4.4',
186 silly addNameRange     '3.4.5',
186 silly addNameRange     '3.4.6',
186 silly addNameRange     '3.4.7',
186 silly addNameRange     '3.4.8',
186 silly addNameRange     '4.0.0-rc1',
186 silly addNameRange     '4.0.0-rc2',
186 silly addNameRange     '3.5.0',
186 silly addNameRange     '4.0.0-rc3',
186 silly addNameRange     '4.0.0-rc4',
186 silly addNameRange     '3.5.1',
186 silly addNameRange     '4.0.0',
186 silly addNameRange     '3.5.2',
186 silly addNameRange     '4.1.0',
186 silly addNameRange     '4.1.1',
186 silly addNameRange     '3.5.3',
186 silly addNameRange     '4.1.2',
186 silly addNameRange     '3.6.0',
186 silly addNameRange     '4.2.0',
186 silly addNameRange     '3.7.0',
186 silly addNameRange     '3.8.0',
186 silly addNameRange     '4.3.0',
186 silly addNameRange     '4.3.1',
186 silly addNameRange     '3.8.1',
186 silly addNameRange     '4.3.2',
186 silly addNameRange     '3.9.0',
186 silly addNameRange     '4.4.0',
186 silly addNameRange     '4.4.1',
186 silly addNameRange     '3.10.0',
186 silly addNameRange     '3.10.1',
186 silly addNameRange     '3.10.2',
186 silly addNameRange     '3.10.3',
186 silly addNameRange     '3.10.4',
186 silly addNameRange     '4.4.2',
186 silly addNameRange     '3.10.5',
186 silly addNameRange     '4.4.3',
186 silly addNameRange     '3.11.0',
186 silly addNameRange     '4.4.4',
186 silly addNameRange     '3.12.0',
186 silly addNameRange     '3.12.1',
186 silly addNameRange     '4.4.5',
186 silly addNameRange     '3.13.0',
186 silly addNameRange     '4.5.0',
186 silly addNameRange     '4.5.1',
186 silly addNameRange     '3.14.0',
186 silly addNameRange     '4.6.0',
186 silly addNameRange     '4.6.1',
186 silly addNameRange     '3.15.0',
186 silly addNameRange     '4.7.0',
186 silly addNameRange     '3.15.1',
186 silly addNameRange     '4.7.1',
186 silly addNameRange     '3.15.2',
186 silly addNameRange     '4.7.2',
186 silly addNameRange     '4.7.3',
186 silly addNameRange     '3.15.3',
186 silly addNameRange     '4.7.4',
186 silly addNameRange     '3.16.0',
186 silly addNameRange     '4.8.0',
186 silly addNameRange     '3.16.1',
186 silly addNameRange     '4.8.1',
186 silly addNameRange     '3.16.2',
186 silly addNameRange     '4.8.2',
186 silly addNameRange     '3.16.3',
186 silly addNameRange     '3.16.4',
186 silly addNameRange     '4.8.3',
186 silly addNameRange     '3.16.5',
186 silly addNameRange     '3.16.6',
186 silly addNameRange     '4.8.4',
186 silly addNameRange     '3.16.7',
186 silly addNameRange     '4.8.5',
186 silly addNameRange     '3.16.8',
186 silly addNameRange     '4.8.6',
186 silly addNameRange     '3.16.9',
186 silly addNameRange     '4.8.7',
186 silly addNameRange     '3.16.10',
186 silly addNameRange     '4.8.8',
186 silly addNameRange     '3.17.0',
186 silly addNameRange     '3.17.1',
186 silly addNameRange     '4.9.0',
186 silly addNameRange     '3.17.2',
186 silly addNameRange     '4.9.1',
186 silly addNameRange     '4.9.2',
186 silly addNameRange     '3.17.3',
186 silly addNameRange     '4.9.3',
186 silly addNameRange     '3.17.4',
186 silly addNameRange     '4.9.4',
186 silly addNameRange     '3.17.5',
186 silly addNameRange     '4.9.5',
186 silly addNameRange     '3.17.6',
186 silly addNameRange     '3.17.7',
186 silly addNameRange     '4.9.6',
186 silly addNameRange     '4.9.7',
186 silly addNameRange     '3.17.8',
186 silly addNameRange     '4.9.8',
186 silly addNameRange     '3.18.0',
186 silly addNameRange     '3.18.1',
186 silly addNameRange     '4.10.0',
186 silly addNameRange     '3.18.2',
186 silly addNameRange     '4.10.1' ] ]
187 verbose addNamed [ 'express', '4.9.8' ]
188 verbose addNamed [ '4.9.8', '4.9.8' ]
189 silly lockFile 3e3a25f6-express-4-9-8 express@4.9.8
190 verbose lock express@4.9.8 /Users/tomasnagy/.npm/3e3a25f6-express-4-9-8.lock
191 http 200 https://registry.npmjs.org/cookie-parser
192 silly registry.get cb [ 200,
192 silly registry.get   { date: 'Thu, 06 Nov 2014 16:17:22 GMT',
192 silly registry.get     server: 'CouchDB/1.5.0 (Erlang OTP/R16B03)',
192 silly registry.get     etag: '"D2I21Z55J0M83YHA636O1DW9K"',
192 silly registry.get     'content-type': 'application/json',
192 silly registry.get     'cache-control': 'max-age=60',
192 silly registry.get     'content-length': '14080',
192 silly registry.get     'accept-ranges': 'bytes',
192 silly registry.get     via: '1.1 varnish',
192 silly registry.get     age: '0',
192 silly registry.get     'x-served-by': 'cache-lcy1128-LCY',
192 silly registry.get     'x-cache': 'HIT',
192 silly registry.get     'x-cache-hits': '1',
192 silly registry.get     'x-timer': 'S1415290642.298844,VS0,VE82',
192 silly registry.get     vary: 'Accept',
192 silly registry.get     'keep-alive': 'timeout=10, max=50',
192 silly registry.get     connection: 'Keep-Alive' } ]
193 silly lockFile 58a51cf2-ody-parser-body-parser-1-8-4-tgz https://registry.npmjs.org/body-parser/-/body-parser-1.8.4.tgz
194 verbose lock https://registry.npmjs.org/body-parser/-/body-parser-1.8.4.tgz /Users/tomasnagy/.npm/58a51cf2-ody-parser-body-parser-1-8-4-tgz.lock
195 silly lockFile e2182b07--npmjs-org-debug-debug-2-0-0-tgz https://registry.npmjs.org/debug/-/debug-2.0.0.tgz
196 verbose lock https://registry.npmjs.org/debug/-/debug-2.0.0.tgz /Users/tomasnagy/.npm/e2182b07--npmjs-org-debug-debug-2-0-0-tgz.lock
197 http 200 https://registry.npmjs.org/jade
198 silly registry.get cb [ 200,
198 silly registry.get   { date: 'Thu, 06 Nov 2014 16:17:22 GMT',
198 silly registry.get     server: 'CouchDB/1.5.0 (Erlang OTP/R14B04)',
198 silly registry.get     etag: '"QHLPMBXXME56JWDXG4BJV1EZ"',
198 silly registry.get     'content-type': 'application/json',
198 silly registry.get     'cache-control': 'max-age=60',
198 silly registry.get     'content-length': '127465',
198 silly registry.get     'accept-ranges': 'bytes',
198 silly registry.get     via: '1.1 varnish',
198 silly registry.get     age: '60',
198 silly registry.get     'x-served-by': 'cache-lcy1125-LCY',
198 silly registry.get     'x-cache': 'HIT',
198 silly registry.get     'x-cache-hits': '1',
198 silly registry.get     'x-timer': 'S1415290642.307790,VS0,VE1',
198 silly registry.get     vary: 'Accept',
198 silly registry.get     'keep-alive': 'timeout=10, max=50',
198 silly registry.get     connection: 'Keep-Alive' } ]
199 silly lockFile 2d7fb097-js-org-express-express-4-9-8-tgz https://registry.npmjs.org/express/-/express-4.9.8.tgz
200 verbose lock https://registry.npmjs.org/express/-/express-4.9.8.tgz /Users/tomasnagy/.npm/2d7fb097-js-org-express-express-4-9-8-tgz.lock
201 verbose addRemoteTarball [ 'https://registry.npmjs.org/body-parser/-/body-parser-1.8.4.tgz',
201 verbose addRemoteTarball   'd497e04bc13b3f9a8bd8c70bb0cdc16f2e028898' ]
202 verbose addRemoteTarball [ 'https://registry.npmjs.org/debug/-/debug-2.0.0.tgz',
202 verbose addRemoteTarball   '89bd9df6732b51256bc6705342bba02ed12131ef' ]
203 verbose addRemoteTarball [ 'https://registry.npmjs.org/express/-/express-4.9.8.tgz',
203 verbose addRemoteTarball   'f360f596baeabbd0e5223b603d6eb578d9d2d10d' ]
204 info retry fetch attempt 1 at 17:17:22
205 verbose fetch to= /var/folders/4b/ltfsdv5907x9jvrlqlnhzc940000gn/T/npm-893-prXmzV2M/registry.npmjs.org/body-parser/-/body-parser-1.8.4.tgz
206 info retry fetch attempt 1 at 17:17:22
207 verbose fetch to= /var/folders/4b/ltfsdv5907x9jvrlqlnhzc940000gn/T/npm-893-prXmzV2M/registry.npmjs.org/debug/-/debug-2.0.0.tgz
208 info retry fetch attempt 1 at 17:17:22
209 verbose fetch to= /var/folders/4b/ltfsdv5907x9jvrlqlnhzc940000gn/T/npm-893-prXmzV2M/registry.npmjs.org/express/-/express-4.9.8.tgz
210 http GET https://registry.npmjs.org/body-parser/-/body-parser-1.8.4.tgz
211 silly addNameRange number 2 { name: 'cookie-parser',
211 silly addNameRange   range: '>=1.3.3-0 <1.4.0-0',
211 silly addNameRange   hasData: true }
212 silly addNameRange versions [ 'cookie-parser',
212 silly addNameRange   [ '1.0.0',
212 silly addNameRange     '1.0.1',
212 silly addNameRange     '1.1.0',
212 silly addNameRange     '1.2.0',
212 silly addNameRange     '1.3.0',
212 silly addNameRange     '1.3.1',
212 silly addNameRange     '1.3.2',
212 silly addNameRange     '1.3.3' ] ]
213 verbose addNamed [ 'cookie-parser', '1.3.3' ]
214 verbose addNamed [ '1.3.3', '1.3.3' ]
215 silly lockFile 68450bd4-cookie-parser-1-3-3 cookie-parser@1.3.3
216 verbose lock cookie-parser@1.3.3 /Users/tomasnagy/.npm/68450bd4-cookie-parser-1-3-3.lock
217 http GET https://registry.npmjs.org/debug/-/debug-2.0.0.tgz
218 http GET https://registry.npmjs.org/express/-/express-4.9.8.tgz
219 silly addNameRange number 2 { name: 'jade', range: '>=1.6.0-0 <1.7.0-0', hasData: true }
220 silly addNameRange versions [ 'jade',
220 silly addNameRange   [ '0.0.1',
220 silly addNameRange     '0.0.2',
220 silly addNameRange     '0.1.0',
220 silly addNameRange     '0.2.0',
220 silly addNameRange     '0.2.1',
220 silly addNameRange     '0.2.2',
220 silly addNameRange     '0.2.3',
220 silly addNameRange     '0.2.4',
220 silly addNameRange     '0.3.0',
220 silly addNameRange     '0.4.0',
220 silly addNameRange     '0.4.1',
220 silly addNameRange     '0.5.0',
220 silly addNameRange     '0.5.1',
220 silly addNameRange     '0.5.2',
220 silly addNameRange     '0.5.3',
220 silly addNameRange     '0.5.4',
220 silly addNameRange     '0.5.5',
220 silly addNameRange     '0.5.6',
220 silly addNameRange     '0.5.7',
220 silly addNameRange     '0.6.0',
220 silly addNameRange     '0.6.1',
220 silly addNameRange     '0.6.3',
220 silly addNameRange     '0.7.0',
220 silly addNameRange     '0.7.1',
220 silly addNameRange     '0.8.0',
220 silly addNameRange     '0.8.1',
220 silly addNameRange     '0.8.2',
220 silly addNameRange     '0.8.3',
220 silly addNameRange     '0.8.4',
220 silly addNameRange     '0.8.5',
220 silly addNameRange     '0.8.6',
220 silly addNameRange     '0.8.7',
220 silly addNameRange     '0.8.8',
220 silly addNameRange     '0.8.9',
220 silly addNameRange     '0.9.0',
220 silly addNameRange     '0.9.1',
220 silly addNameRange     '0.9.2',
220 silly addNameRange     '0.9.3',
220 silly addNameRange     '0.10.0',
220 silly addNameRange     '0.10.1',
220 silly addNameRange     '0.10.2',
220 silly addNameRange     '0.10.3',
220 silly addNameRange     '0.10.4',
220 silly addNameRange     '0.10.5',
220 silly addNameRange     '0.10.6',
220 silly addNameRange     '0.10.7',
220 silly addNameRange     '0.11.0',
220 silly addNameRange     '0.11.1',
220 silly addNameRange     '0.12.0',
220 silly addNameRange     '0.12.1',
220 silly addNameRange     '0.12.2',
220 silly addNameRange     '0.12.3',
220 silly addNameRange     '0.12.4',
220 silly addNameRange     '0.13.0',
220 silly addNameRange     '0.14.0',
220 silly addNameRange     '0.14.1',
220 silly addNameRange     '0.14.2',
220 silly addNameRange     '0.15.0',
220 silly addNameRange     '0.15.1',
220 silly addNameRange     '0.15.2',
220 silly addNameRange     '0.15.3',
220 silly addNameRange     '0.15.4',
220 silly addNameRange     '0.16.0',
220 silly addNameRange     '0.16.1',
220 silly addNameRange     '0.16.2',
220 silly addNameRange     '0.16.3',
220 silly addNameRange     '0.16.4',
220 silly addNameRange     '0.17.0',
220 silly addNameRange     '0.18.0',
220 silly addNameRange     '0.19.0',
220 silly addNameRange     '0.20.0',
220 silly addNameRange     '0.20.1',
220 silly addNameRange     '0.20.2',
220 silly addNameRange     '0.20.3',
220 silly addNameRange     '0.21.0',
220 silly addNameRange     '0.22.0',
220 silly addNameRange     '0.22.1',
220 silly addNameRange     '0.23.0',
220 silly addNameRange     '0.24.0',
220 silly addNameRange     '0.25.0',
220 silly addNameRange     '0.26.0',
220 silly addNameRange     '0.26.1',
220 silly addNameRange     '0.26.2',
220 silly addNameRange     '0.26.3',
220 silly addNameRange     '0.27.0',
220 silly addNameRange     '0.27.1',
220 silly addNameRange     '0.27.2',
220 silly addNameRange     '0.27.3',
220 silly addNameRange     '0.27.4',
220 silly addNameRange     '0.27.5',
220 silly addNameRange     '0.27.6',
220 silly addNameRange     '0.27.7',
220 silly addNameRange     '0.28.0',
220 silly addNameRange     '0.28.1',
220 silly addNameRange     '0.28.2',
220 silly addNameRange     '0.29.0',
220 silly addNameRange     '0.30.0',
220 silly addNameRange     '0.31.0',
220 silly addNameRange     '0.31.1',
220 silly addNameRange     '0.31.2',
220 silly addNameRange     '0.32.0',
220 silly addNameRange     '0.33.0',
220 silly addNameRange     '0.34.0',
220 silly addNameRange     '0.34.1',
220 silly addNameRange     '0.35.0',
220 silly addNameRange     '1.0.0',
220 silly addNameRange     '1.0.1',
220 silly addNameRange     '1.0.2',
220 silly addNameRange     '1.1.0',
220 silly addNameRange     '1.1.1',
220 silly addNameRange     '1.1.2',
220 silly addNameRange     '1.1.3',
220 silly addNameRange     '1.1.4',
220 silly addNameRange     '1.1.5',
220 silly addNameRange     '1.2.0',
220 silly addNameRange     '1.3.0',
220 silly addNameRange     '1.3.1',
220 silly addNameRange     '1.4.0',
220 silly addNameRange     '1.4.1',
220 silly addNameRange     '1.4.2',
220 silly addNameRange     '1.5.0',
220 silly addNameRange     '1.6.0',
220 silly addNameRange     '1.7.0' ] ]
221 verbose addNamed [ 'jade', '1.6.0' ]
222 verbose addNamed [ '1.6.0', '1.6.0' ]
223 silly lockFile c06071bd-jade-1-6-0 jade@1.6.0
224 verbose lock jade@1.6.0 /Users/tomasnagy/.npm/c06071bd-jade-1-6-0.lock
225 silly lockFile 864e7377-e-parser-cookie-parser-1-3-3-tgz https://registry.npmjs.org/cookie-parser/-/cookie-parser-1.3.3.tgz
226 verbose lock https://registry.npmjs.org/cookie-parser/-/cookie-parser-1.3.3.tgz /Users/tomasnagy/.npm/864e7377-e-parser-cookie-parser-1-3-3-tgz.lock
227 silly lockFile 7bdc82f5-ry-npmjs-org-jade-jade-1-6-0-tgz https://registry.npmjs.org/jade/-/jade-1.6.0.tgz
228 verbose lock https://registry.npmjs.org/jade/-/jade-1.6.0.tgz /Users/tomasnagy/.npm/7bdc82f5-ry-npmjs-org-jade-jade-1-6-0-tgz.lock
229 verbose addRemoteTarball [ 'https://registry.npmjs.org/cookie-parser/-/cookie-parser-1.3.3.tgz',
229 verbose addRemoteTarball   '7e3a2c745f4b460d5a340e578a0baa5d7725fe37' ]
230 verbose addRemoteTarball [ 'https://registry.npmjs.org/jade/-/jade-1.6.0.tgz',
230 verbose addRemoteTarball   'c02540cd97b1014db3c15743746bc3dcd54170f9' ]
231 info retry fetch attempt 1 at 17:17:22
232 verbose fetch to= /var/folders/4b/ltfsdv5907x9jvrlqlnhzc940000gn/T/npm-893-prXmzV2M/registry.npmjs.org/cookie-parser/-/cookie-parser-1.3.3.tgz
233 info retry fetch attempt 1 at 17:17:22
234 verbose fetch to= /var/folders/4b/ltfsdv5907x9jvrlqlnhzc940000gn/T/npm-893-prXmzV2M/registry.npmjs.org/jade/-/jade-1.6.0.tgz
235 http GET https://registry.npmjs.org/cookie-parser/-/cookie-parser-1.3.3.tgz
236 http GET https://registry.npmjs.org/jade/-/jade-1.6.0.tgz
237 http 200 https://registry.npmjs.org/serve-favicon/-/serve-favicon-2.1.6.tgz
238 silly lockFile 620925dd--favicon-serve-favicon-2-1-6-tgz https://registry.npmjs.org/serve-favicon/-/serve-favicon-2.1.6.tgz
239 silly lockFile 620925dd--favicon-serve-favicon-2-1-6-tgz https://registry.npmjs.org/serve-favicon/-/serve-favicon-2.1.6.tgz
240 silly lockFile 4a3fd20c-serve-favicon-2-1-6 serve-favicon@2.1.6
241 silly lockFile 4a3fd20c-serve-favicon-2-1-6 serve-favicon@2.1.6
242 silly lockFile 38295489-serve-favicon-2-1-3 serve-favicon@~2.1.3
243 silly lockFile 38295489-serve-favicon-2-1-3 serve-favicon@~2.1.3
244 http 200 https://registry.npmjs.org/morgan/-/morgan-1.3.2.tgz
245 http 200 https://registry.npmjs.org/cookie-parser/-/cookie-parser-1.3.3.tgz
246 silly lockFile 864e7377-e-parser-cookie-parser-1-3-3-tgz https://registry.npmjs.org/cookie-parser/-/cookie-parser-1.3.3.tgz
247 silly lockFile 864e7377-e-parser-cookie-parser-1-3-3-tgz https://registry.npmjs.org/cookie-parser/-/cookie-parser-1.3.3.tgz
248 silly lockFile cac8e271-pmjs-org-morgan-morgan-1-3-2-tgz https://registry.npmjs.org/morgan/-/morgan-1.3.2.tgz
249 silly lockFile cac8e271-pmjs-org-morgan-morgan-1-3-2-tgz https://registry.npmjs.org/morgan/-/morgan-1.3.2.tgz
250 silly lockFile 68450bd4-cookie-parser-1-3-3 cookie-parser@1.3.3
251 silly lockFile 68450bd4-cookie-parser-1-3-3 cookie-parser@1.3.3
252 silly lockFile 7e2b41c6-morgan-1-3-2 morgan@1.3.2
253 silly lockFile 7e2b41c6-morgan-1-3-2 morgan@1.3.2
254 silly lockFile bf5babd8-cookie-parser-1-3-3 cookie-parser@~1.3.3
255 silly lockFile bf5babd8-cookie-parser-1-3-3 cookie-parser@~1.3.3
256 silly lockFile a4a9bdf4-morgan-1-3-0 morgan@~1.3.0
257 silly lockFile a4a9bdf4-morgan-1-3-0 morgan@~1.3.0
258 http 200 https://registry.npmjs.org/jade/-/jade-1.6.0.tgz
259 http 200 https://registry.npmjs.org/body-parser/-/body-parser-1.8.4.tgz
260 silly lockFile 58a51cf2-ody-parser-body-parser-1-8-4-tgz https://registry.npmjs.org/body-parser/-/body-parser-1.8.4.tgz
261 silly lockFile 58a51cf2-ody-parser-body-parser-1-8-4-tgz https://registry.npmjs.org/body-parser/-/body-parser-1.8.4.tgz
262 silly lockFile 5cba912c-body-parser-1-8-4 body-parser@1.8.4
263 silly lockFile 5cba912c-body-parser-1-8-4 body-parser@1.8.4
264 silly lockFile a49948c1-body-parser-1-8-1 body-parser@~1.8.1
265 silly lockFile a49948c1-body-parser-1-8-1 body-parser@~1.8.1
266 http 200 https://registry.npmjs.org/debug/-/debug-2.0.0.tgz
267 http 200 https://registry.npmjs.org/express/-/express-4.9.8.tgz
268 silly lockFile e2182b07--npmjs-org-debug-debug-2-0-0-tgz https://registry.npmjs.org/debug/-/debug-2.0.0.tgz
269 silly lockFile e2182b07--npmjs-org-debug-debug-2-0-0-tgz https://registry.npmjs.org/debug/-/debug-2.0.0.tgz
270 silly lockFile 095bd820-debug-2-0-0 debug@2.0.0
271 silly lockFile 095bd820-debug-2-0-0 debug@2.0.0
272 silly lockFile 12b6356d-debug-2-0-0 debug@~2.0.0
273 silly lockFile 12b6356d-debug-2-0-0 debug@~2.0.0
274 silly lockFile 2d7fb097-js-org-express-express-4-9-8-tgz https://registry.npmjs.org/express/-/express-4.9.8.tgz
275 silly lockFile 2d7fb097-js-org-express-express-4-9-8-tgz https://registry.npmjs.org/express/-/express-4.9.8.tgz
276 silly lockFile 3e3a25f6-express-4-9-8 express@4.9.8
277 silly lockFile 3e3a25f6-express-4-9-8 express@4.9.8
278 silly lockFile 6ae7fa08-express-4-9-0 express@~4.9.0
279 silly lockFile 6ae7fa08-express-4-9-0 express@~4.9.0
280 silly lockFile 7bdc82f5-ry-npmjs-org-jade-jade-1-6-0-tgz https://registry.npmjs.org/jade/-/jade-1.6.0.tgz
281 silly lockFile 7bdc82f5-ry-npmjs-org-jade-jade-1-6-0-tgz https://registry.npmjs.org/jade/-/jade-1.6.0.tgz
282 silly lockFile c06071bd-jade-1-6-0 jade@1.6.0
283 silly lockFile c06071bd-jade-1-6-0 jade@1.6.0
284 silly lockFile ad8c17a8-jade-1-6-0 jade@~1.6.0
285 silly lockFile ad8c17a8-jade-1-6-0 jade@~1.6.0
286 error Error: EACCES, mkdir '/Users/tomasnagy/.npm/debug/2.0.0'
286 error  { [Error: EACCES, mkdir '/Users/tomasnagy/.npm/debug/2.0.0']
286 error   errno: 3,
286 error   code: 'EACCES',
286 error   path: '/Users/tomasnagy/.npm/debug/2.0.0',
286 error   parent: 'Week6' }
287 error Please try running this command again as root/Administrator.
288 error System Darwin 14.0.0
289 error command "/usr/local/bin/node" "/usr/local/bin/npm" "install"
290 error cwd /Users/tomasnagy/OneDrive/Documents/School/3NMCT/Semester 1/Backend Development/Week6
291 error node -v v0.10.32
292 error npm -v 1.4.28
293 error path /Users/tomasnagy/.npm/debug/2.0.0
294 error code EACCES
295 error errno 3
296 error stack Error: EACCES, mkdir '/Users/tomasnagy/.npm/debug/2.0.0'
297 verbose exit [ 3, true ]
